<?xml version="1.0" encoding="UTF-8"?>
<testsuite xmlns:xsi="http://www.w3.org/2001/XMLSchema-instance" xsi:noNamespaceSchemaLocation="https://maven.apache.org/surefire/maven-surefire-plugin/xsd/surefire-test-report.xsd" name="com.lk.project.x.controller.test.StudentControllerTest" time="15.815" tests="4" errors="0" skipped="0" failures="0">
  <properties>
[...]
</properties>
  <testcase name="testCreateStudentMethod" classname="com.lk.project.x.controller.test.StudentControllerTest" time="0.279"/>
  <testcase name="testListAllStudentsMethod" classname="com.lk.project.x.controller.test.StudentControllerTest" time="0.044"/>
  <testcase name="testGetStudentMethod" classname="com.lk.project.x.controller.test.StudentControllerTest" time="0.011"/>
  <testcase name="testUpdateStudentMethod" classname="com.lk.project.x.controller.test.StudentControllerTest" time="0.019"/>
</testsuite>